#
# There is insufficient memory for the Java Runtime Environment to continue.
# Native memory allocation (malloc) failed to allocate 1048576 bytes for AllocateHeap
# Possible reasons:
#   The system is out of physical RAM or swap space
#   The process is running with CompressedOops enabled, and the Java Heap may be blocking the growth of the native heap
# Possible solutions:
#   Reduce memory load on the system
#   Increase physical memory or swap space
#   Check if swap backing store is full
#   Decrease Java heap size (-Xmx/-Xms)
#   Decrease number of Java threads
#   Decrease Java thread stack sizes (-Xss)
#   Set larger code cache with -XX:ReservedCodeCacheSize=
#   JVM is running with Unscaled Compressed Oops mode in which the Java heap is
#     placed in the first 4GB address space. The Java Heap base address is the
#     maximum limit for the native heap growth. Please use -XX:HeapBaseMinAddress
#     to set the Java Heap base and to place the Java Heap above 4GB virtual address.
# This output file may be truncated or incomplete.
#
#  Out of Memory Error (allocation.cpp:44), pid=26644, tid=17288
#
# JRE version:  (17.0.6+10) (build )
# Java VM: OpenJDK 64-Bit Server VM (17.0.6+10-b829.5, mixed mode, sharing, tiered, compressed oops, compressed class ptrs, g1 gc, windows-amd64)
# No core dump will be written. Minidumps are not enabled by default on client versions of Windows
#

---------------  S U M M A R Y ------------

Command Line: com.intellij.util.ReadEnv

Host: 13th Gen Intel(R) Core(TM) i9-13900HX, 32 cores, 15G,  Windows 11 , 64 bit Build 22621 (10.0.22621.2428)
Time: Sat Oct 14 18:58:36 2023  Windows 11 , 64 bit Build 22621 (10.0.22621.2428) elapsed time: 0.007272 seconds (0d 0h 0m 0s)

---------------  T H R E A D  ---------------

Current thread (0x000001cd0fbc5000):  JavaThread "Unknown thread" [_thread_in_vm, id=17288, stack(0x00000027e3800000,0x00000027e3900000)]

Stack: [0x00000027e3800000,0x00000027e3900000]
Native frames: (J=compiled Java code, j=interpreted, Vv=VM code, C=native code)
V  [jvm.dll+0x683b4a]
V  [jvm.dll+0x842654]
V  [jvm.dll+0x843dfe]
V  [jvm.dll+0x844463]
V  [jvm.dll+0x249b75]
V  [jvm.dll+0xa641f]
V  [jvm.dll+0x2db8c4]
V  [jvm.dll+0x813f0c]
V  [jvm.dll+0x36e6a1]
V  [jvm.dll+0x7f347c]
V  [jvm.dll+0x3f0e8f]
V  [jvm.dll+0x3f29d1]
C  [jli.dll+0x526b]
C  [ucrtbase.dll+0x29363]
C  [KERNEL32.DLL+0x1257d]
C  [ntdll.dll+0x5aa78]


---------------  P R O C E S S  ---------------

Threads class SMR info:
_java_thread_list=0x00007ffa022ac058, length=0, elements={
}

Java Threads: ( => current thread )

Other Threads:

=>0x000001cd0fbc5000 (exited) JavaThread "Unknown thread" [_thread_in_vm, id=17288, stack(0x00000027e3800000,0x00000027e3900000)]

Threads with active compile tasks:

VM state: not at safepoint (not fully initialized)

VM Mutex/Monitor currently owned by a thread: None

Heap address: 0x0000000000000000, size: 0 MB, Compressed Oops mode: 32-bit

CDS archive(s) mapped at: [0x0000000000000000-0x0000000000000000-0x0000000000000000), size 0, SharedBaseAddress: 0x0000000800000000, ArchiveRelocationMode: 0.
Narrow klass base: 0x0000000000000000, Narrow klass shift: 0, Narrow klass range: 0x0

GC Precious Log:
<Empty>

GC Heap History (0 events):
No events

Dll operation events (1 events):
Event: 0.005 Loaded shared library D:\Programming Software\PyCharm 2023.1\jbr\bin\java.dll

Deoptimization events (0 events):
No events

Classes unloaded (0 events):
No events

Classes redefined (0 events):
No events

Internal exceptions (0 events):
No events

VM Operations (0 events):
No events

Events (0 events):
No events


Dynamic libraries:
0x00007ff6f46e0000 - 0x00007ff6f46ea000 	D:\Programming Software\PyCharm 2023.1\jbr\bin\java.exe
0x00007ffa5b930000 - 0x00007ffa5bb47000 	C:\windows\SYSTEM32\ntdll.dll
0x00007ffa5ac50000 - 0x00007ffa5ad14000 	C:\windows\System32\KERNEL32.DLL
0x00007ffa58cb0000 - 0x00007ffa59056000 	C:\windows\System32\KERNELBASE.dll
0x00007ffa59310000 - 0x00007ffa59421000 	C:\windows\System32\ucrtbase.dll
0x00007ffa40660000 - 0x00007ffa4067b000 	D:\Programming Software\PyCharm 2023.1\jbr\bin\VCRUNTIME140.dll
0x00007ffa51210000 - 0x00007ffa51227000 	D:\Programming Software\PyCharm 2023.1\jbr\bin\jli.dll
0x00007ffa5b500000 - 0x00007ffa5b6ad000 	C:\windows\System32\USER32.dll
0x00007ffa59430000 - 0x00007ffa59456000 	C:\windows\System32\win32u.dll
0x00007ffa59980000 - 0x00007ffa599a9000 	C:\windows\System32\GDI32.dll
0x00007ffa591f0000 - 0x00007ffa59308000 	C:\windows\System32\gdi32full.dll
0x00007ffa590e0000 - 0x00007ffa5917a000 	C:\windows\System32\msvcp_win.dll
0x00007ffa40840000 - 0x00007ffa40ad3000 	C:\windows\WinSxS\amd64_microsoft.windows.common-controls_6595b64144ccf1df_6.0.22621.2361_none_2712ced57382f843\COMCTL32.dll
0x00007ffa599b0000 - 0x00007ffa59a57000 	C:\windows\System32\msvcrt.dll
0x00007ffa5afd0000 - 0x00007ffa5b001000 	C:\windows\System32\IMM32.DLL
0x00007ffa41b60000 - 0x00007ffa41b6c000 	D:\Programming Software\PyCharm 2023.1\jbr\bin\vcruntime140_1.dll
0x00007ffa3cf80000 - 0x00007ffa3d00d000 	D:\Programming Software\PyCharm 2023.1\jbr\bin\msvcp140.dll
0x00007ffa01770000 - 0x00007ffa023dd000 	D:\Programming Software\PyCharm 2023.1\jbr\bin\server\jvm.dll
0x00007ffa5a010000 - 0x00007ffa5a0c0000 	C:\windows\System32\ADVAPI32.dll
0x00007ffa59690000 - 0x00007ffa59736000 	C:\windows\System32\sechost.dll
0x00007ffa59ef0000 - 0x00007ffa5a007000 	C:\windows\System32\RPCRT4.dll
0x00007ffa2c130000 - 0x00007ffa2c139000 	C:\windows\SYSTEM32\WSOCK32.dll
0x00007ffa50d10000 - 0x00007ffa50d44000 	C:\windows\SYSTEM32\WINMM.dll
0x00007ffa5a1a0000 - 0x00007ffa5a211000 	C:\windows\System32\WS2_32.dll
0x00007ffa50ae0000 - 0x00007ffa50aea000 	C:\windows\SYSTEM32\VERSION.dll
0x00007ffa57de0000 - 0x00007ffa57df8000 	C:\windows\SYSTEM32\kernel.appcore.dll
0x00007ffa556e0000 - 0x00007ffa556ea000 	D:\Programming Software\PyCharm 2023.1\jbr\bin\jimage.dll
0x00007ffa56010000 - 0x00007ffa5623e000 	C:\windows\SYSTEM32\DBGHELP.DLL
0x00007ffa5b010000 - 0x00007ffa5b39a000 	C:\windows\System32\combase.dll
0x00007ffa5ae90000 - 0x00007ffa5af67000 	C:\windows\System32\OLEAUT32.dll
0x00007ffa4eb60000 - 0x00007ffa4eb92000 	C:\windows\SYSTEM32\dbgcore.DLL
0x00007ffa59060000 - 0x00007ffa590da000 	C:\windows\System32\bcryptPrimitives.dll
0x00007ffa511e0000 - 0x00007ffa51205000 	D:\Programming Software\PyCharm 2023.1\jbr\bin\java.dll

dbghelp: loaded successfully - version: 4.0.5 - missing functions: none
symbol engine: initialized successfully - sym options: 0x614 - pdb path: .;D:\Programming Software\PyCharm 2023.1\jbr\bin;C:\windows\SYSTEM32;C:\windows\WinSxS\amd64_microsoft.windows.common-controls_6595b64144ccf1df_6.0.22621.2361_none_2712ced57382f843;D:\Programming Software\PyCharm 2023.1\jbr\bin\server

VM Arguments:
java_command: com.intellij.util.ReadEnv
java_class_path (initial): D:\Programming Software\PyCharm 2023.1\lib\util_rt.jar
Launcher Type: SUN_STANDARD

[Global flags]
     intx CICompilerCount                          = 15                                        {product} {ergonomic}
     uint ConcGCThreads                            = 6                                         {product} {ergonomic}
     uint G1ConcRefinementThreads                  = 23                                        {product} {ergonomic}
   size_t G1HeapRegionSize                         = 2097152                                   {product} {ergonomic}
    uintx GCDrainStackTargetSize                   = 64                                        {product} {ergonomic}
   size_t InitialHeapSize                          = 264241152                                 {product} {ergonomic}
   size_t MarkStackSize                            = 4194304                                   {product} {ergonomic}
   size_t MaxHeapSize                              = 4215275520                                {product} {ergonomic}
   size_t MinHeapDeltaBytes                        = 2097152                                   {product} {ergonomic}
   size_t MinHeapSize                              = 8388608                                   {product} {ergonomic}
    uintx NonNMethodCodeHeapSize                   = 8192380                                {pd product} {ergonomic}
    uintx NonProfiledCodeHeapSize                  = 121732930                              {pd product} {ergonomic}
    uintx ProfiledCodeHeapSize                     = 121732930                              {pd product} {ergonomic}
    uintx ReservedCodeCacheSize                    = 251658240                              {pd product} {ergonomic}
     bool SegmentedCodeCache                       = true                                      {product} {ergonomic}
   size_t SoftMaxHeapSize                          = 4215275520                             {manageable} {ergonomic}
     bool UseCompressedClassPointers               = true                           {product lp64_product} {ergonomic}
     bool UseCompressedOops                        = true                           {product lp64_product} {ergonomic}
     bool UseG1GC                                  = true                                      {product} {ergonomic}
     bool UseLargePagesIndividualAllocation        = false                                  {pd product} {ergonomic}

Logging:
Log output configuration:
 #0: stdout all=warning uptime,level,tags
 #1: stderr all=off uptime,level,tags

Environment Variables:
PATH=E:\PycharmProjects\pythonProject1\Scripts;C:\windows\system32;C:\windows;C:\windows\System32\Wbem;C:\windows\System32\WindowsPowerShell\v1.0\;C:\windows\System32\OpenSSH\;C:\Program Files (x86)\NVIDIA Corporation\PhysX\Common;C:\Program Files\NVIDIA Corporation\NVIDIA NvDLISR;C:\Users\Administrator\AppData\Local\Microsoft\WindowsApps;;C:\Program Files\HP\OMEN-Broadcast\Common;D:\System Maintainance Softwares\Bandizip\;D:\Programming Software\Microsoft VS Code\bin;E:\pythonprojects\Scripts\;E:\pythonprojects\;C:\Users\simon\AppData\Local\Microsoft\WindowsApps;;D:\Programming Software\PyCharm 2023.1\bin;;D:\Programming Software\IntelliJ IDEA 2022.1.1\bin;
USERNAME=simon
OS=Windows_NT
PROCESSOR_IDENTIFIER=Intel64 Family 6 Model 183 Stepping 1, GenuineIntel
TMP=C:\Users\simon\AppData\Local\Temp
TEMP=C:\Users\simon\AppData\Local\Temp



---------------  S Y S T E M  ---------------

OS:
 Windows 11 , 64 bit Build 22621 (10.0.22621.2428)
OS uptime: 0 days 1:06 hours

CPU: total 32 (initial active 32) (16 cores per cpu, 2 threads per core) family 6 model 183 stepping 1 microcode 0x115, cx8, cmov, fxsr, ht, mmx, 3dnowpref, sse, sse2, sse3, ssse3, sse4.1, sse4.2, popcnt, lzcnt, tsc, tscinvbit, avx, avx2, aes, erms, clmul, bmi1, bmi2, adx, sha, fma, vzeroupper, clflush, clflushopt, clwb

Memory: 4k page, system-wide physical 16077M (4274M free)
TotalPageFile size 16077M (AvailPageFile size 47M)
current process WorkingSet (physical memory assigned to process): 10M, peak: 10M
current process commit charge ("private bytes"): 27M, peak: 28M

vm_info: OpenJDK 64-Bit Server VM (17.0.6+10-b829.5) for windows-amd64 JRE (17.0.6+10-b829.5), built on 2023-02-24 by "builduser" with MS VC++ 16.10 / 16.11 (VS2019)

END.
